2023-01-21 16:42:18 pid:1 Worker process terminated with ERROR: E_RECOVERABLE_ERROR "Object of class Workerman\Connection\TcpConnection could not be converted to string in D:\mymap\mapPHP\map_server_demo.php on line 28"
2023-01-24 19:46:18 pid:1 Error: Cannot use object of type Workerman\Connection\TcpConnection as array in D:\mymap\mapPHP\AmapService.php:38
Stack trace:
#0 D:\mymap\mapPHP\Workerman\Worker.php(2486): handle_connection(Object(Workerman\Connection\TcpConnection))
#1 D:\mymap\mapPHP\Workerman\Events\Select.php(294): Workerman\Worker->acceptConnection(Resource id #23)
#2 D:\mymap\mapPHP\Workerman\Worker.php(2419): Workerman\Events\Select->loop()
#3 D:\mymap\mapPHP\Workerman\Worker.php(1406): Workerman\Worker->run()
#4 D:\mymap\mapPHP\Workerman\Worker.php(1349): Workerman\Worker::forkWorkersForWindows()
#5 D:\mymap\mapPHP\Workerman\Worker.php(542): Workerman\Worker::forkWorkers()
#6 D:\mymap\mapPHP\AmapService.php(158): Workerman\Worker::runAll()
#7 {main}
2023-01-24 19:46:18 pid:1 Worker process terminated
2023-01-24 19:46:29 pid:1 Error: Cannot use object of type Workerman\Connection\TcpConnection as array in D:\mymap\mapPHP\AmapService.php:38
Stack trace:
#0 D:\mymap\mapPHP\Workerman\Worker.php(2486): handle_connection(Object(Workerman\Connection\TcpConnection))
#1 D:\mymap\mapPHP\Workerman\Events\Select.php(294): Workerman\Worker->acceptConnection(Resource id #23)
#2 D:\mymap\mapPHP\Workerman\Worker.php(2419): Workerman\Events\Select->loop()
#3 D:\mymap\mapPHP\Workerman\Worker.php(1406): Workerman\Worker->run()
#4 D:\mymap\mapPHP\Workerman\Worker.php(1349): Workerman\Worker::forkWorkersForWindows()
#5 D:\mymap\mapPHP\Workerman\Worker.php(542): Workerman\Worker::forkWorkers()
#6 D:\mymap\mapPHP\AmapService.php(158): Workerman\Worker::runAll()
#7 {main}
2023-01-24 19:46:29 pid:1 Worker process terminated
2023-01-24 19:47:34 pid:1 Error: Cannot use object of type Workerman\Connection\TcpConnection as array in D:\mymap\mapPHP\AmapService.php:38
Stack trace:
#0 D:\mymap\mapPHP\Workerman\Worker.php(2486): handle_connection(Object(Workerman\Connection\TcpConnection))
#1 D:\mymap\mapPHP\Workerman\Events\Select.php(294): Workerman\Worker->acceptConnection(Resource id #23)
#2 D:\mymap\mapPHP\Workerman\Worker.php(2419): Workerman\Events\Select->loop()
#3 D:\mymap\mapPHP\Workerman\Worker.php(1406): Workerman\Worker->run()
#4 D:\mymap\mapPHP\Workerman\Worker.php(1349): Workerman\Worker::forkWorkersForWindows()
#5 D:\mymap\mapPHP\Workerman\Worker.php(542): Workerman\Worker::forkWorkers()
#6 D:\mymap\mapPHP\AmapService.php(159): Workerman\Worker::runAll()
#7 {main}
2023-01-24 19:47:34 pid:1 Worker process terminated
2023-01-24 19:47:45 pid:1 Error: Cannot use object of type Workerman\Connection\TcpConnection as array in D:\mymap\mapPHP\AmapService.php:38
Stack trace:
#0 D:\mymap\mapPHP\Workerman\Worker.php(2486): handle_connection(Object(Workerman\Connection\TcpConnection))
#1 D:\mymap\mapPHP\Workerman\Events\Select.php(294): Workerman\Worker->acceptConnection(Resource id #23)
#2 D:\mymap\mapPHP\Workerman\Worker.php(2419): Workerman\Events\Select->loop()
#3 D:\mymap\mapPHP\Workerman\Worker.php(1406): Workerman\Worker->run()
#4 D:\mymap\mapPHP\Workerman\Worker.php(1349): Workerman\Worker::forkWorkersForWindows()
#5 D:\mymap\mapPHP\Workerman\Worker.php(542): Workerman\Worker::forkWorkers()
#6 D:\mymap\mapPHP\AmapService.php(159): Workerman\Worker::runAll()
#7 {main}
2023-01-24 19:47:45 pid:1 Worker process terminated
2023-01-24 19:48:21 pid:1 Error: Cannot use object of type Workerman\Connection\TcpConnection as array in D:\mymap\mapPHP\AmapService.php:38
Stack trace:
#0 D:\mymap\mapPHP\Workerman\Worker.php(2486): handle_connection(Object(Workerman\Connection\TcpConnection))
#1 D:\mymap\mapPHP\Workerman\Events\Select.php(294): Workerman\Worker->acceptConnection(Resource id #23)
#2 D:\mymap\mapPHP\Workerman\Worker.php(2419): Workerman\Events\Select->loop()
#3 D:\mymap\mapPHP\Workerman\Worker.php(1406): Workerman\Worker->run()
#4 D:\mymap\mapPHP\Workerman\Worker.php(1349): Workerman\Worker::forkWorkersForWindows()
#5 D:\mymap\mapPHP\Workerman\Worker.php(542): Workerman\Worker::forkWorkers()
#6 D:\mymap\mapPHP\AmapService.php(159): Workerman\Worker::runAll()
#7 {main}
2023-01-24 19:48:21 pid:1 Worker process terminated
2023-01-24 19:51:26 pid:1 Error: Cannot access protected property Workerman\Connection\TcpConnection::$_remoteAddress in D:\mymap\mapPHP\AmapService.php:38
Stack trace:
#0 D:\mymap\mapPHP\Workerman\Worker.php(2486): handle_connection(Object(Workerman\Connection\TcpConnection))
#1 D:\mymap\mapPHP\Workerman\Events\Select.php(294): Workerman\Worker->acceptConnection(Resource id #23)
#2 D:\mymap\mapPHP\Workerman\Worker.php(2419): Workerman\Events\Select->loop()
#3 D:\mymap\mapPHP\Workerman\Worker.php(1406): Workerman\Worker->run()
#4 D:\mymap\mapPHP\Workerman\Worker.php(1349): Workerman\Worker::forkWorkersForWindows()
#5 D:\mymap\mapPHP\Workerman\Worker.php(542): Workerman\Worker::forkWorkers()
#6 D:\mymap\mapPHP\AmapService.php(159): Workerman\Worker::runAll()
#7 {main}
2023-01-24 19:51:26 pid:1 Worker process terminated
